<?xml version="1.0" encoding="UTF-8"?>
<!-- Generated by org.testng.reporters.JUnitReportReporter -->
<testsuite hostname="DESKTOP-7SSCP5Q" failures="0" tests="3" name="tests.UserRegistrationTest" time="13.688" errors="0" timestamp="5 Jul 2020 21:27:16 GMT">
  <testcase classname="tests.UserRegistrationTest" name="RegisteredUserCanLogout" time="2.480"/>
  <testcase classname="tests.UserRegistrationTest" name="RegisteredUserCanLogin" time="4.626"/>
  <testcase classname="tests.UserRegistrationTest" name="UserCanRegisterSuccessfully" time="6.582"/>
</testsuite> <!-- tests.UserRegistrationTest -->
