<?xml version="1.0" encoding="UTF-8"?>
<!-- Generated by org.testng.reporters.JUnitReportReporter -->
<testsuite hostname="DESKTOP-7SSCP5Q" failures="0" tests="1" name="tests.SearchProductTest" time="4.630" errors="0" timestamp="10 Jul 2020 15:54:37 GMT">
  <testcase classname="tests.SearchProductTest" name="UserCanSearchForProducts" time="4.630"/>
</testsuite> <!-- tests.SearchProductTest -->
