<?xml version="1.0" encoding="UTF-8"?>
<!-- Generated by org.testng.reporters.JUnitReportReporter -->
<testsuite hostname="DESKTOP-7SSCP5Q" failures="0" tests="1" name="tests.SearchProductAutoSTest" time="5.625" errors="0" timestamp="10 Jul 2020 16:26:14 GMT">
  <testcase classname="tests.SearchProductAutoSTest" name="UserCanSearchWithAutoS" time="5.625"/>
</testsuite> <!-- tests.SearchProductAutoSTest -->
