<?xml version="1.0" encoding="UTF-8"?>
<!-- Generated by org.testng.reporters.JUnitReportReporter -->
<testsuite hostname="DESKTOP-7SSCP5Q" failures="0" tests="1" name="tests.ContactUsPageTest" time="8.008" errors="0" timestamp="25 Jul 2020 19:08:08 GMT">
  <testcase classname="tests.ContactUsPageTest" name="UserCanUseContactUs" time="8.008"/>
</testsuite> <!-- tests.ContactUsPageTest -->
